<?xml version="1.0" encoding="UTF-8"?>
<testsuite xmlns:xsi="http://www.w3.org/2001/XMLSchema-instance" xsi:noNamespaceSchemaLocation="https://maven.apache.org/surefire/maven-surefire-plugin/xsd/surefire-test-report-3.0.xsd" version="3.0" name="TestSuite" time="16.557" tests="1" errors="0" skipped="0" failures="0">
  <properties>
[...]
</properties>
  <testcase name="LoginTest" classname="com.anaqa.TestCases.TC1LoginTest" time="9.053">
    <system-out><![CDATA[ INFO [main] (TC1LoginTest.java:18)- URL opened
 INFO [main] (TC1LoginTest.java:23)- Username entered
 INFO [main] (TC1LoginTest.java:25)- Password Entered
 INFO [main] (TC1LoginTest.java:32)- Login test Passed
]]></system-out>
    <system-err><![CDATA[Starting ChromeDriver 96.0.4664.45 (76e4c1bb2ab4671b8beba3444e61c0f17584b2fc-refs/branch-heads/4664@{#947}) on port 44915
Only local connections are allowed.
Please see https://chromedriver.chromium.org/security-considerations for suggestions on keeping ChromeDriver safe.
ChromeDriver was started successfully.
[1643449689.055][WARNING]: This version of ChromeDriver has not been tested with Chrome version 97.
Jan 29, 2022 3:18:09 PM org.openqa.selenium.remote.ProtocolHandshake createSession
INFO: Detected dialect: W3C
]]></system-err>
  </testcase>
</testsuite>