<?xml version="1.0" encoding="UTF-8"?>
<testng-results ignored="0" total="1" passed="1" failed="0" skipped="0">
  <reporter-output>
  </reporter-output>
  <suite started-at="2022-01-23T20:55:17 IST" name="AnaqaTest" finished-at="2022-01-23T20:55:50 IST" duration-ms="33248">
    <groups>
    </groups>
    <test started-at="2022-01-23T20:55:17 IST" name="TestAnaqa Site" finished-at="2022-01-23T20:55:50 IST" duration-ms="33248">
      <class name="com.anaqa.TestCases.TC1LoginTest">
        <test-method is-config="true" signature="setUp(java.lang.String)[pri:0, instance:com.anaqa.TestCases.TC1LoginTest@d706f19]" started-at="2022-01-23T20:55:17 IST" name="setUp" finished-at="2022-01-23T20:55:39 IST" duration-ms="22194" status="PASS">
          <params>
            <param index="0">
              <value>
                <![CDATA[chrome]]>
              </value>
            </param>
          </params>
          <reporter-output>
          </reporter-output>
        </test-method> <!-- setUp -->
        <test-method signature="LoginTest()[pri:0, instance:com.anaqa.TestCases.TC1LoginTest@d706f19]" started-at="2022-01-23T20:55:39 IST" name="LoginTest" finished-at="2022-01-23T20:55:50 IST" duration-ms="10647" status="PASS">
          <reporter-output>
          </reporter-output>
        </test-method> <!-- LoginTest -->
        <test-method is-config="true" signature="tearDown()[pri:0, instance:com.anaqa.TestCases.TC1LoginTest@d706f19]" started-at="2022-01-23T20:55:50 IST" name="tearDown" finished-at="2022-01-23T20:55:50 IST" duration-ms="135" status="PASS">
          <reporter-output>
          </reporter-output>
        </test-method> <!-- tearDown -->
      </class> <!-- com.anaqa.TestCases.TC1LoginTest -->
    </test> <!-- TestAnaqa Site -->
  </suite> <!-- AnaqaTest -->
</testng-results>
